[08Dec2024 00:02:36.810] [Server thread/WARN] [net.minecraft.server.level.ServerLevel/]: Tried to add entity arphex:moth_shadow_clone but it was marked as removed already
[08Dec2024 00:02:58.100] [Server thread/WARN] [net.minecraft.server.level.ServerLevel/]: Tried to add entity arphex:moth_shadow_clone but it was marked as removed already
[08Dec2024 00:03:45.061] [Server thread/INFO] [net.minecraft.server.MinecraftServer/]: translover69 has reached the goal [Horror of the Depths]
[08Dec2024 00:04:59.377] [Server thread/INFO] [net.minecraft.server.MinecraftServer/]: <Villager #32> You shouldn't be here.
[08Dec2024 00:05:01.153] [Server thread/INFO] [net.minecraft.server.MinecraftServer/]: <Villager #32> I am to succumb to this infection soon.
[08Dec2024 00:05:05.885] [Server thread/INFO] [net.minecraft.server.MinecraftServer/]: <Villager #32> Persistent, aren't you?
[08Dec2024 00:05:07.524] [Server thread/INFO] [net.minecraft.server.MinecraftServer/]: <Villager #32> Well, if you want to hear how I ended up like this, then stay.
[08Dec2024 00:05:11.322] [Server thread/INFO] [net.minecraft.server.MinecraftServer/]: <Villager #32> But if this infection takes me over, I want you to kill me.
[08Dec2024 00:05:19.174] [Server thread/INFO] [net.minecraft.server.MinecraftServer/]: <Villager #32> Oh well, alright.
[08Dec2024 00:05:21.099] [Server thread/INFO] [net.minecraft.server.MinecraftServer/]: <Villager #32> Not very long ago, there was another player, just like you.
[08Dec2024 00:05:24.798] [Server thread/INFO] [net.minecraft.server.MinecraftServer/]: <Villager #32> I gave him the name "Villager #1202".
[08Dec2024 00:05:29.718] [Server thread/INFO] [net.minecraft.server.MinecraftServer/]: <Villager #32> But I quicky found that he was... different.
[08Dec2024 00:05:34.750] [Server thread/INFO] [net.minecraft.server.MinecraftServer/]: <Villager #32> There would be times where he would smile so wide, it looked like it hurt.
[08Dec2024 00:05:40.735] [Server thread/INFO] [net.minecraft.server.MinecraftServer/]: <Villager #32> He would always stare into space, with manic eyes.
[08Dec2024 00:05:45.944] [Server thread/INFO] [net.minecraft.server.MinecraftServer/]: <Villager #32> I took him under my wing, and he became a member of the now abandoned Council.
[08Dec2024 00:05:53.158] [Server thread/INFO] [net.minecraft.server.MinecraftServer/]: <Villager #32> The same Council this building served its purpose to.
[08Dec2024 00:05:57.584] [Server thread/INFO] [net.minecraft.server.MinecraftServer/]: <Villager #32> *Cough, cough*
[08Dec2024 00:06:00.025] [Server thread/INFO] [net.minecraft.server.MinecraftServer/]: <Villager #32> I grew suspicious of him.
[08Dec2024 00:06:01.736] [Server thread/INFO] [net.minecraft.server.MinecraftServer/]: <Villager #32> His behavior only got worse, and one day...
[08Dec2024 00:06:06.672] [Server thread/INFO] [net.minecraft.server.MinecraftServer/]: <Villager #32> He lured one of those... things... in here.
[08Dec2024 00:06:12.102] [Server thread/INFO] [net.minecraft.server.MinecraftServer/]: <Villager #...or> Like he had full control over...
[08Dec2024 00:06:15.477] [Server thread/INFO] [net.minecraft.server.MinecraftServer/]: <Village...ector> The pain is unbeara...
[08Dec2024 00:06:17.102] [Server thread/INFO] [net.minecraft.server.MinecraftServer/]: <Vill...Infector> You best be g...
[08Dec2024 00:06:20.199] [Server thread/INFO] [net.minecraft.server.MinecraftServer/]: <The Infector> It's time.
[08Dec2024 00:06:39.997] [Server thread/INFO] [net.minecraft.server.MinecraftServer/]: Flixsor was slain by The Infector
[08Dec2024 00:06:40.004] [Server thread/INFO] [net.minecraft.server.MinecraftServer/]: translover69 has made the advancement [It Has Begun]
[08Dec2024 00:06:40.005] [Server thread/INFO] [net.minecraft.server.MinecraftServer/]: Flixsor has made the advancement [Condemned To Die]
[08Dec2024 00:07:07.215] [Server thread/INFO] [net.minecraft.server.MinecraftServer/]: [Flixsor: Teleported Flixsor to translover69]
[08Dec2024 00:07:59.809] [Server thread/WARN] [net.minecraft.server.level.ServerPlayerGameMode/]: Mismatch in destroy block pos: BlockPos{x=-1358, y=64, z=69} BlockPos{x=-1360, y=62, z=69}
[08Dec2024 00:07:59.862] [Server thread/WARN] [net.minecraft.server.level.ServerPlayerGameMode/]: Mismatch in destroy block pos: BlockPos{x=-1358, y=64, z=69} BlockPos{x=-1360, y=62, z=69}
[08Dec2024 00:08:24.303] [Server thread/INFO] [net.minecraft.server.network.ServerGamePacketListenerImpl/]: translover69 lost connection: Timed out
[08Dec2024 00:08:24.304] [Server thread/INFO] [net.minecraft.server.MinecraftServer/]: translover69 left the game
[08Dec2024 00:08:24.304] [Server thread/INFO] [voicechat/]: [voicechat] Disconnecting client translover69
[08Dec2024 00:09:05.250] [Server thread/INFO] [net.minecraft.server.network.ServerLoginPacketListenerImpl/]: com.mojang.authlib.GameProfile@755484ad[id=<null>,name=translover69,properties={},legacy=false] (/[::1]:49256) lost connection: Timed out
[08Dec2024 00:09:14.304] [User Authenticator #15/INFO] [net.minecraft.server.network.ServerLoginPacketListenerImpl/]: UUID of player translover69 is 5649e944-b245-422c-a4ec-ae56aa97102f
[08Dec2024 00:09:19.700] [Server thread/INFO] [net.minecraft.server.players.PlayerList/]: translover69[/[::1]:51974] logged in with entity id 88206 at (-1376.5129425727712, 63.0, 62.891044352467986)
[08Dec2024 00:09:19.721] [Server thread/INFO] [net.minecraft.server.MinecraftServer/]: translover69 joined the game
[08Dec2024 00:09:20.181] [Server thread/INFO] [voicechat/]: [voicechat] Received secret request of translover69 (18)
[08Dec2024 00:09:20.182] [Server thread/INFO] [voicechat/]: [voicechat] Sent secret to translover69
[08Dec2024 00:10:27.340] [Server thread/INFO] [com.lgow.endofherobrine.entity.herobrine.AbstractHerobrine/]: LURKER spawned at BlockPos{x=-1291, y=85, z=36}
[08Dec2024 00:14:26.609] [User Authenticator #16/INFO] [net.minecraft.server.network.ServerLoginPacketListenerImpl/]: UUID of player translover69 is 5649e944-b245-422c-a4ec-ae56aa97102f
[08Dec2024 00:14:31.754] [Server thread/INFO] [net.minecraft.server.network.ServerGamePacketListenerImpl/]: translover69 lost connection: You logged in from another location
[08Dec2024 00:14:31.755] [Server thread/INFO] [net.minecraft.server.MinecraftServer/]: translover69 left the game
[08Dec2024 00:14:31.755] [Server thread/INFO] [voicechat/]: [voicechat] Disconnecting client translover69
[08Dec2024 00:14:31.769] [Server thread/INFO] [net.minecraft.server.players.PlayerList/]: translover69[/[::1]:32918] logged in with entity id 90203 at (-1199.384689357611, 60.0, 44.79995783628006)
[08Dec2024 00:14:31.776] [Server thread/INFO] [net.minecraft.server.MinecraftServer/]: translover69 joined the game
[08Dec2024 00:14:32.223] [Server thread/INFO] [voicechat/]: [voicechat] Received secret request of translover69 (18)
[08Dec2024 00:14:32.224] [Server thread/INFO] [voicechat/]: [voicechat] Sent secret to translover69
[08Dec2024 00:14:48.274] [User Authenticator #17/INFO] [net.minecraft.server.network.ServerLoginPacketListenerImpl/]: UUID of player translover69 is 5649e944-b245-422c-a4ec-ae56aa97102f
[08Dec2024 00:14:53.565] [Server thread/INFO] [net.minecraft.server.network.ServerGamePacketListenerImpl/]: translover69 lost connection: You logged in from another location
[08Dec2024 00:14:53.565] [Server thread/INFO] [net.minecraft.server.MinecraftServer/]: translover69 left the game
[08Dec2024 00:14:53.565] [Server thread/INFO] [voicechat/]: [voicechat] Disconnecting client translover69
[08Dec2024 00:14:53.582] [Server thread/INFO] [net.minecraft.server.players.PlayerList/]: translover69[/[::1]:48736] logged in with entity id 90495 at (-1199.384689357611, 60.0, 44.79995783628006)
[08Dec2024 00:14:53.588] [Server thread/INFO] [net.minecraft.server.MinecraftServer/]: translover69 joined the game
[08Dec2024 00:14:54.018] [Server thread/INFO] [voicechat/]: [voicechat] Received secret request of translover69 (18)
[08Dec2024 00:14:54.019] [Server thread/INFO] [voicechat/]: [voicechat] Sent secret to translover69
[08Dec2024 00:16:49.013] [Server thread/INFO] [net.minecraft.server.network.ServerGamePacketListenerImpl/]: Flixsor lost connection: Timed out
[08Dec2024 00:16:49.014] [Server thread/INFO] [net.minecraft.server.MinecraftServer/]: Flixsor left the game
[08Dec2024 00:16:49.014] [Server thread/INFO] [voicechat/]: [voicechat] Disconnecting client Flixsor
[08Dec2024 00:20:52.717] [User Authenticator #18/INFO] [net.minecraft.server.network.ServerLoginPacketListenerImpl/]: UUID of player translover69 is 5649e944-b245-422c-a4ec-ae56aa97102f
[08Dec2024 00:20:57.044] [Server thread/INFO] [net.minecraft.server.MinecraftServer/]: translover69 was slain by Sucker
[08Dec2024 00:20:57.950] [Server thread/INFO] [net.minecraft.server.network.ServerGamePacketListenerImpl/]: translover69 lost connection: You logged in from another location
[08Dec2024 00:20:57.950] [Server thread/INFO] [net.minecraft.server.MinecraftServer/]: translover69 left the game
[08Dec2024 00:20:57.950] [Server thread/INFO] [voicechat/]: [voicechat] Disconnecting client translover69
[08Dec2024 00:20:57.967] [Server thread/INFO] [net.minecraft.server.players.PlayerList/]: translover69[/[::1]:33612] logged in with entity id 92897 at (-1121.340374760206, 23.0, 73.78678630184591)
[08Dec2024 00:20:57.974] [Server thread/INFO] [net.minecraft.server.MinecraftServer/]: translover69 joined the game
[08Dec2024 00:20:58.405] [Server thread/INFO] [voicechat/]: [voicechat] Received secret request of translover69 (18)
[08Dec2024 00:20:58.405] [Server thread/INFO] [voicechat/]: [voicechat] Sent secret to translover69
[08Dec2024 00:21:08.072] [Server thread/INFO] [com.lgow.endofherobrine.entity.herobrine.AbstractHerobrine/]: LURKER spawned at BlockPos{x=-619, y=62, z=-96}
[08Dec2024 00:23:46.814] [Server thread/INFO] [net.minecraft.server.MinecraftServer/]: <translover69> -1122
[08Dec2024 00:23:55.358] [Server thread/INFO] [net.minecraft.server.MinecraftServer/]: <translover69> 23
[08Dec2024 00:24:01.523] [Server thread/INFO] [net.minecraft.server.MinecraftServer/]: <translover69> 73
[08Dec2024 00:24:09.930] [Server thread/INFO] [net.minecraft.server.MinecraftServer/]: <translover69> -1122 23 73
[08Dec2024 00:24:38.090] [Server thread/INFO] [com.lgow.endofherobrine.entity.herobrine.AbstractHerobrine/]: BUILDER spawned at BlockPos{x=-627, y=62, z=-142}
[08Dec2024 00:26:06.126] [User Authenticator #19/INFO] [net.minecraft.server.network.ServerLoginPacketListenerImpl/]: UUID of player translover69 is 5649e944-b245-422c-a4ec-ae56aa97102f
[08Dec2024 00:26:11.252] [Server thread/INFO] [net.minecraft.server.network.ServerGamePacketListenerImpl/]: translover69 lost connection: You logged in from another location
[08Dec2024 00:26:11.252] [Server thread/INFO] [net.minecraft.server.MinecraftServer/]: translover69 left the game
[08Dec2024 00:26:11.253] [Server thread/INFO] [voicechat/]: [voicechat] Disconnecting client translover69
[08Dec2024 00:26:11.272] [Server thread/INFO] [net.minecraft.server.players.PlayerList/]: translover69[/[::1]:55104] logged in with entity id 94032 at (-609.7338689145638, 49.0, -120.39979956523109)
[08Dec2024 00:26:11.279] [Server thread/INFO] [net.minecraft.server.MinecraftServer/]: translover69 joined the game
[08Dec2024 00:26:11.721] [Server thread/INFO] [voicechat/]: [voicechat] Received secret request of translover69 (18)
[08Dec2024 00:26:11.722] [Server thread/INFO] [voicechat/]: [voicechat] Sent secret to translover69
[08Dec2024 00:30:13.090] [Server thread/INFO] [com.lgow.endofherobrine.entity.herobrine.AbstractHerobrine/]: LURKER spawned at BlockPos{x=-1091, y=69, z=93}
[08Dec2024 00:34:02.960] [Server thread/INFO] [net.minecraft.server.MinecraftServer/]: translover69 has made the advancement [Double Trouble]
[08Dec2024 00:37:57.721] [Server thread/INFO] [net.minecraft.server.MinecraftServer/]: translover69 was slain by The Somnolence
[08Dec2024 00:45:13.545] [Server thread/INFO] [net.minecraft.server.network.ServerGamePacketListenerImpl/]: translover69 lost connection: Timed out
[08Dec2024 00:45:13.546] [Server thread/INFO] [net.minecraft.server.MinecraftServer/]: translover69 left the game
[08Dec2024 00:45:13.546] [Server thread/INFO] [voicechat/]: [voicechat] Disconnecting client translover69
[08Dec2024 00:45:34.840] [Server thread/INFO] [net.minecraft.server.network.ServerLoginPacketListenerImpl/]: com.mojang.authlib.GameProfile@103cadfc[id=<null>,name=translover69,properties={},legacy=false] (/[::1]:37346) lost connection: Timed out
[08Dec2024 00:46:43.588] [User Authenticator #20/INFO] [net.minecraft.server.network.ServerLoginPacketListenerImpl/]: UUID of player translover69 is 5649e944-b245-422c-a4ec-ae56aa97102f
[08Dec2024 00:46:49.406] [Server thread/INFO] [net.minecraft.server.players.PlayerList/]: translover69[/[::1]:41022] logged in with entity id 99702 at (-1210.5074451339044, -20.0, 33.386660956405265)
[08Dec2024 00:46:49.415] [Server thread/INFO] [net.minecraft.server.MinecraftServer/]: translover69 joined the game
[08Dec2024 00:46:50.120] [Server thread/INFO] [voicechat/]: [voicechat] Received secret request of translover69 (18)
[08Dec2024 00:46:50.120] [Server thread/INFO] [voicechat/]: [voicechat] Sent secret to translover69
[08Dec2024 00:49:03.945] [Server thread/INFO] [net.minecraft.server.MinecraftServer/]: translover69 was slain by Cave Dweller
[08Dec2024 00:50:24.540] [Server thread/INFO] [com.lgow.endofherobrine.entity.herobrine.AbstractHerobrine/]: BUILDER spawned at BlockPos{x=-658, y=62, z=-129}
[08Dec2024 00:50:34.794] [Server thread/INFO] [net.minecraft.server.network.ServerGamePacketListenerImpl/]: translover69 lost connection: Timed out
[08Dec2024 00:50:34.794] [Server thread/INFO] [net.minecraft.server.MinecraftServer/]: translover69 left the game
[08Dec2024 00:50:34.795] [Server thread/INFO] [voicechat/]: [voicechat] Disconnecting client translover69
[08Dec2024 00:50:39.071] [User Authenticator #21/INFO] [net.minecraft.server.network.ServerLoginPacketListenerImpl/]: UUID of player translover69 is 5649e944-b245-422c-a4ec-ae56aa97102f
[08Dec2024 00:50:45.203] [Server thread/INFO] [net.minecraft.server.players.PlayerList/]: translover69[/[::1]:49278] logged in with entity id 101315 at (-611.5, 38.0, -123.5)
[08Dec2024 00:50:45.208] [Server thread/INFO] [net.minecraft.server.MinecraftServer/]: translover69 joined the game
[08Dec2024 00:50:45.822] [Server thread/INFO] [voicechat/]: [voicechat] Received secret request of translover69 (18)
[08Dec2024 00:50:45.823] [Server thread/INFO] [voicechat/]: [voicechat] Sent secret to translover69
[08Dec2024 00:54:39.490] [Server thread/INFO] [com.lgow.endofherobrine.entity.herobrine.AbstractHerobrine/]: LURKER spawned at BlockPos{x=-611, y=62, z=-147}
[08Dec2024 01:04:09.540] [Server thread/INFO] [com.lgow.endofherobrine.entity.herobrine.AbstractHerobrine/]: LURKER spawned at BlockPos{x=-590, y=62, z=-143}
[08Dec2024 01:04:16.394] [Server thread/INFO] [net.minecraft.server.network.ServerGamePacketListenerImpl/]: translover69 lost connection: Timed out
[08Dec2024 01:04:16.395] [Server thread/INFO] [net.minecraft.server.MinecraftServer/]: translover69 left the game
[08Dec2024 01:04:16.395] [Server thread/INFO] [voicechat/]: [voicechat] Disconnecting client translover69
[08Dec2024 01:04:32.840] [Server thread/INFO] [net.minecraft.server.network.ServerLoginPacketListenerImpl/]: com.mojang.authlib.GameProfile@4d5b467a[id=<null>,name=translover69,properties={},legacy=false] (/[::1]:52584) lost connection: Timed out
[08Dec2024 01:04:39.142] [User Authenticator #22/INFO] [net.minecraft.server.network.ServerLoginPacketListenerImpl/]: UUID of player translover69 is 5649e944-b245-422c-a4ec-ae56aa97102f
[08Dec2024 01:04:44.352] [Server thread/INFO] [net.minecraft.server.players.PlayerList/]: translover69[/[::1]:34320] logged in with entity id 103262 at (-612.3000000119209, 38.0, -117.30000001192093)
[08Dec2024 01:04:44.359] [Server thread/INFO] [net.minecraft.server.MinecraftServer/]: translover69 joined the game
[08Dec2024 01:04:44.900] [Server thread/INFO] [voicechat/]: [voicechat] Received secret request of translover69 (18)
[08Dec2024 01:04:44.901] [Server thread/INFO] [voicechat/]: [voicechat] Sent secret to translover69
[08Dec2024 01:06:31.503] [User Authenticator #23/INFO] [net.minecraft.server.network.ServerLoginPacketListenerImpl/]: UUID of player Flixsor is a7f486b4-e8f3-4532-b3eb-dc0732fb278f
[08Dec2024 01:06:35.758] [Server thread/INFO] [net.minecraft.server.players.PlayerList/]: Flixsor[/[::1]:43872] logged in with entity id 104038 at (-609.9393936188465, 57.0, -126.57513717758333)
[08Dec2024 01:06:35.771] [Server thread/INFO] [net.minecraft.server.MinecraftServer/]: Flixsor joined the game
[08Dec2024 01:06:36.621] [Server thread/INFO] [voicechat/]: [voicechat] Received secret request of Flixsor (18)
[08Dec2024 01:06:36.621] [Server thread/INFO] [voicechat/]: [voicechat] Sent secret to Flixsor
[08Dec2024 01:07:14.916] [Server thread/INFO] [net.minecraft.server.MinecraftServer/]: <translover69> x:-1234, y:-28, z:-15,
[08Dec2024 01:07:39.854] [Server thread/INFO] [net.minecraft.server.MinecraftServer/]: [Flixsor: Teleported translover69 to -1233.500000, -28.000000, -14.500000]
[08Dec2024 01:08:14.440] [Server thread/INFO] [com.lgow.endofherobrine.entity.herobrine.AbstractHerobrine/]: LURKER spawned at BlockPos{x=-614, y=62, z=-140}
[08Dec2024 01:16:20.256] [Server thread/INFO] [net.minecraft.server.MinecraftServer/]: translover69 has made the advancement [Dark Metallurgy]
[08Dec2024 01:17:44.490] [Server thread/INFO] [com.lgow.endofherobrine.entity.herobrine.AbstractHerobrine/]: LURKER spawned at BlockPos{x=-1298, y=63, z=39}
[08Dec2024 01:18:10.475] [Server thread/INFO] [net.minecraft.server.MinecraftServer/]: [Flixsor: Teleported translover69 to Flixsor]
